<?xml version="1.0" encoding="UTF-8"?>
<!-- Generated by org.testng.reporters.JUnitXMLReporter -->
<testsuite hostname="RajsMacBook-Pro.local" ignored="0" name="Command line test" tests="10" failures="0" timestamp="28 Mar 2019 01:39:44 GMT" time="105.16" errors="0">
  <testcase name="freeCrmTitleTest" time="21.122" classname="com.crm.qa.testcases.FreeCrmTest"/>
  <testcase name="verifyContactsPageLabel" time="0.027" classname="com.crm.qa.testcases.ContactsPageTest"/>
  <testcase name="verifyHomePageTitleTest" time="0.003" classname="com.crm.qa.testcases.HomePageTest"/>
  <testcase name="loginPageTitleTest" time="0.005" classname="com.crm.qa.testcases.LoginPageTest"/>
  <testcase name="selectSingleContactsTest" time="0.07" classname="com.crm.qa.testcases.ContactsPageTest"/>
  <testcase name="verifyUserNameTest" time="0.05" classname="com.crm.qa.testcases.HomePageTest"/>
  <testcase name="crmLogoImageTest" time="0.082" classname="com.crm.qa.testcases.LoginPageTest"/>
  <testcase name="selectMultipleContactsTest" time="0.22" classname="com.crm.qa.testcases.ContactsPageTest"/>
  <testcase name="verifyContactsLinkTest" time="0.377" classname="com.crm.qa.testcases.HomePageTest"/>
  <testcase name="loginTest" time="1.503" classname="com.crm.qa.testcases.LoginPageTest"/>
</testsuite> <!-- Command line test -->
