<?xml version="1.0" encoding="UTF-8"?>
<testng-results skipped="0" failed="0" ignored="0" total="10" passed="10">
  <reporter-output>
  </reporter-output>
  <suite name="Command line suite" duration-ms="105160" started-at="2019-03-28T01:37:59Z" finished-at="2019-03-28T01:39:44Z">
    <groups>
    </groups>
    <test name="Command line test" duration-ms="105160" started-at="2019-03-28T01:37:59Z" finished-at="2019-03-28T01:39:44Z">
      <class name="com.crm.qa.testcases.HomePageTest">
        <test-method status="PASS" signature="setUp()[pri:0, instance:com.crm.qa.testcases.HomePageTest@4cb2c100]" name="setUp" is-config="true" duration-ms="4078" started-at="2019-03-28T01:38:44Z" finished-at="2019-03-28T01:38:48Z">
          <reporter-output>
          </reporter-output>
        </test-method> <!-- setUp -->
        <test-method status="PASS" signature="verifyHomePageTitleTest()[pri:1, instance:com.crm.qa.testcases.HomePageTest@4cb2c100]" name="verifyHomePageTitleTest" duration-ms="3" started-at="2019-03-28T01:38:48Z" finished-at="2019-03-28T01:38:48Z">
          <reporter-output>
          </reporter-output>
        </test-method> <!-- verifyHomePageTitleTest -->
        <test-method status="PASS" signature="tearDown()[pri:0, instance:com.crm.qa.testcases.HomePageTest@4cb2c100]" name="tearDown" is-config="true" duration-ms="94" started-at="2019-03-28T01:38:48Z" finished-at="2019-03-28T01:38:48Z">
          <reporter-output>
          </reporter-output>
        </test-method> <!-- tearDown -->
        <test-method status="PASS" signature="setUp()[pri:0, instance:com.crm.qa.testcases.HomePageTest@4cb2c100]" name="setUp" is-config="true" duration-ms="3800" started-at="2019-03-28T01:39:10Z" finished-at="2019-03-28T01:39:13Z">
          <reporter-output>
          </reporter-output>
        </test-method> <!-- setUp -->
        <test-method status="PASS" signature="verifyUserNameTest()[pri:2, instance:com.crm.qa.testcases.HomePageTest@4cb2c100]" name="verifyUserNameTest" duration-ms="50" started-at="2019-03-28T01:39:13Z" finished-at="2019-03-28T01:39:13Z">
          <reporter-output>
          </reporter-output>
        </test-method> <!-- verifyUserNameTest -->
        <test-method status="PASS" signature="tearDown()[pri:0, instance:com.crm.qa.testcases.HomePageTest@4cb2c100]" name="tearDown" is-config="true" duration-ms="94" started-at="2019-03-28T01:39:13Z" finished-at="2019-03-28T01:39:14Z">
          <reporter-output>
          </reporter-output>
        </test-method> <!-- tearDown -->
        <test-method status="PASS" signature="setUp()[pri:0, instance:com.crm.qa.testcases.HomePageTest@4cb2c100]" name="setUp" is-config="true" duration-ms="3968" started-at="2019-03-28T01:39:36Z" finished-at="2019-03-28T01:39:40Z">
          <reporter-output>
          </reporter-output>
        </test-method> <!-- setUp -->
        <test-method status="PASS" signature="verifyContactsLinkTest()[pri:3, instance:com.crm.qa.testcases.HomePageTest@4cb2c100]" name="verifyContactsLinkTest" duration-ms="377" started-at="2019-03-28T01:39:40Z" finished-at="2019-03-28T01:39:40Z">
          <reporter-output>
          </reporter-output>
        </test-method> <!-- verifyContactsLinkTest -->
        <test-method status="PASS" signature="tearDown()[pri:0, instance:com.crm.qa.testcases.HomePageTest@4cb2c100]" name="tearDown" is-config="true" duration-ms="91" started-at="2019-03-28T01:39:40Z" finished-at="2019-03-28T01:39:40Z">
          <reporter-output>
          </reporter-output>
        </test-method> <!-- tearDown -->
      </class> <!-- com.crm.qa.testcases.HomePageTest -->
      <class name="com.crm.qa.testcases.ContactsPageTest">
        <test-method status="PASS" signature="setUp()[pri:0, instance:com.crm.qa.testcases.ContactsPageTest@3f2a3a5]" name="setUp" is-config="true" duration-ms="20269" started-at="2019-03-28T01:38:23Z" finished-at="2019-03-28T01:38:43Z">
          <reporter-output>
          </reporter-output>
        </test-method> <!-- setUp -->
        <test-method status="PASS" signature="verifyContactsPageLabel()[pri:1, instance:com.crm.qa.testcases.ContactsPageTest@3f2a3a5]" name="verifyContactsPageLabel" duration-ms="27" started-at="2019-03-28T01:38:43Z" finished-at="2019-03-28T01:38:43Z">
          <reporter-output>
          </reporter-output>
        </test-method> <!-- verifyContactsPageLabel -->
        <test-method status="PASS" signature="tearDown()[pri:0, instance:com.crm.qa.testcases.ContactsPageTest@3f2a3a5]" name="tearDown" is-config="true" duration-ms="108" started-at="2019-03-28T01:38:43Z" finished-at="2019-03-28T01:38:44Z">
          <reporter-output>
          </reporter-output>
        </test-method> <!-- tearDown -->
        <test-method status="PASS" signature="setUp()[pri:0, instance:com.crm.qa.testcases.ContactsPageTest@3f2a3a5]" name="setUp" is-config="true" duration-ms="19302" started-at="2019-03-28T01:38:50Z" finished-at="2019-03-28T01:39:09Z">
          <reporter-output>
          </reporter-output>
        </test-method> <!-- setUp -->
        <test-method status="PASS" signature="selectSingleContactsTest()[pri:2, instance:com.crm.qa.testcases.ContactsPageTest@3f2a3a5]" name="selectSingleContactsTest" duration-ms="70" started-at="2019-03-28T01:39:09Z" finished-at="2019-03-28T01:39:10Z">
          <reporter-output>
          </reporter-output>
        </test-method> <!-- selectSingleContactsTest -->
        <test-method status="PASS" signature="tearDown()[pri:0, instance:com.crm.qa.testcases.ContactsPageTest@3f2a3a5]" name="tearDown" is-config="true" duration-ms="95" started-at="2019-03-28T01:39:10Z" finished-at="2019-03-28T01:39:10Z">
          <reporter-output>
          </reporter-output>
        </test-method> <!-- tearDown -->
        <test-method status="PASS" signature="setUp()[pri:0, instance:com.crm.qa.testcases.ContactsPageTest@3f2a3a5]" name="setUp" is-config="true" duration-ms="19261" started-at="2019-03-28T01:39:16Z" finished-at="2019-03-28T01:39:35Z">
          <reporter-output>
          </reporter-output>
        </test-method> <!-- setUp -->
        <test-method status="PASS" signature="selectMultipleContactsTest()[pri:3, instance:com.crm.qa.testcases.ContactsPageTest@3f2a3a5]" name="selectMultipleContactsTest" duration-ms="220" started-at="2019-03-28T01:39:35Z" finished-at="2019-03-28T01:39:36Z">
          <reporter-output>
          </reporter-output>
        </test-method> <!-- selectMultipleContactsTest -->
        <test-method status="PASS" signature="tearDown()[pri:0, instance:com.crm.qa.testcases.ContactsPageTest@3f2a3a5]" name="tearDown" is-config="true" duration-ms="94" started-at="2019-03-28T01:39:36Z" finished-at="2019-03-28T01:39:36Z">
          <reporter-output>
          </reporter-output>
        </test-method> <!-- tearDown -->
      </class> <!-- com.crm.qa.testcases.ContactsPageTest -->
      <class name="com.crm.qa.testcases.FreeCrmTest">
        <test-method status="PASS" signature="setUp()[pri:0, instance:com.crm.qa.testcases.FreeCrmTest@60addb54]" name="setUp" is-config="true" duration-ms="3066" started-at="2019-03-28T01:37:59Z" finished-at="2019-03-28T01:38:02Z">
          <reporter-output>
          </reporter-output>
        </test-method> <!-- setUp -->
        <test-method status="PASS" signature="freeCrmTitleTest()[pri:0, instance:com.crm.qa.testcases.FreeCrmTest@60addb54]" name="freeCrmTitleTest" duration-ms="21122" started-at="2019-03-28T01:38:02Z" finished-at="2019-03-28T01:38:23Z">
          <reporter-output>
          </reporter-output>
        </test-method> <!-- freeCrmTitleTest -->
      </class> <!-- com.crm.qa.testcases.FreeCrmTest -->
      <class name="com.crm.qa.testcases.LoginPageTest">
        <test-method status="PASS" signature="setUp()[pri:0, instance:com.crm.qa.testcases.LoginPageTest@6fb554cc]" name="setUp" is-config="true" duration-ms="2330" started-at="2019-03-28T01:38:48Z" finished-at="2019-03-28T01:38:50Z">
          <reporter-output>
          </reporter-output>
        </test-method> <!-- setUp -->
        <test-method status="PASS" signature="loginPageTitleTest()[pri:1, instance:com.crm.qa.testcases.LoginPageTest@6fb554cc]" name="loginPageTitleTest" duration-ms="5" started-at="2019-03-28T01:38:50Z" finished-at="2019-03-28T01:38:50Z">
          <reporter-output>
          </reporter-output>
        </test-method> <!-- loginPageTitleTest -->
        <test-method status="PASS" signature="tearDown()[pri:0, instance:com.crm.qa.testcases.LoginPageTest@6fb554cc]" name="tearDown" is-config="true" duration-ms="87" started-at="2019-03-28T01:38:50Z" finished-at="2019-03-28T01:38:50Z">
          <reporter-output>
          </reporter-output>
        </test-method> <!-- tearDown -->
        <test-method status="PASS" signature="setUp()[pri:0, instance:com.crm.qa.testcases.LoginPageTest@6fb554cc]" name="setUp" is-config="true" duration-ms="2399" started-at="2019-03-28T01:39:14Z" finished-at="2019-03-28T01:39:16Z">
          <reporter-output>
          </reporter-output>
        </test-method> <!-- setUp -->
        <test-method status="PASS" signature="crmLogoImageTest()[pri:2, instance:com.crm.qa.testcases.LoginPageTest@6fb554cc]" name="crmLogoImageTest" duration-ms="82" started-at="2019-03-28T01:39:16Z" finished-at="2019-03-28T01:39:16Z">
          <reporter-output>
          </reporter-output>
        </test-method> <!-- crmLogoImageTest -->
        <test-method status="PASS" signature="tearDown()[pri:0, instance:com.crm.qa.testcases.LoginPageTest@6fb554cc]" name="tearDown" is-config="true" duration-ms="84" started-at="2019-03-28T01:39:16Z" finished-at="2019-03-28T01:39:16Z">
          <reporter-output>
          </reporter-output>
        </test-method> <!-- tearDown -->
        <test-method status="PASS" signature="setUp()[pri:0, instance:com.crm.qa.testcases.LoginPageTest@6fb554cc]" name="setUp" is-config="true" duration-ms="2353" started-at="2019-03-28T01:39:40Z" finished-at="2019-03-28T01:39:43Z">
          <reporter-output>
          </reporter-output>
        </test-method> <!-- setUp -->
        <test-method status="PASS" signature="loginTest()[pri:3, instance:com.crm.qa.testcases.LoginPageTest@6fb554cc]" name="loginTest" duration-ms="1503" started-at="2019-03-28T01:39:43Z" finished-at="2019-03-28T01:39:44Z">
          <reporter-output>
          </reporter-output>
        </test-method> <!-- loginTest -->
        <test-method status="PASS" signature="tearDown()[pri:0, instance:com.crm.qa.testcases.LoginPageTest@6fb554cc]" name="tearDown" is-config="true" duration-ms="98" started-at="2019-03-28T01:39:44Z" finished-at="2019-03-28T01:39:44Z">
          <reporter-output>
          </reporter-output>
        </test-method> <!-- tearDown -->
      </class> <!-- com.crm.qa.testcases.LoginPageTest -->
    </test> <!-- Command line test -->
  </suite> <!-- Command line suite -->
</testng-results>
